<?xml version="1.0" encoding="UTF-8" ?>
<testsuites>
  <testsuite errors="3" failures="3" hostname="admin-" id="0" name="BatchRunSuiteOne" package="Runner" tests="9" time="375.381" timestamp="2014-08-09T10:32:33">
      <properties>
[...]
</properties>

      <testcase classname="Test.LaunchUrl" name="LaunchUrlTest" time="16.564" />

      <testcase classname="Test.SignUp" name="SignUPTest" time="26.802" />

      <testcase classname="Test.LoginTest" name="Logintest" time="21.796">
          <error message="no such element&#xa;  (Session info: chrome=36.0.1985.125)&#xa;  (Driver info: chromedriver=2.9.248315,platform=Windows NT 6.1 SP1 x86) (WARNING: The server did not provide any stacktrace information)&#xa;Command duration or timeout: 15.07 seconds&#xa;For documentation on this error, please visit: http://seleniumhq.org/exceptions/no_such_element.html&#xa;Build info: version: &apos;2.32.0&apos;, revision: &apos;6c40c18&apos;, time: &apos;2013-04-09 17:23:22&apos;&#xa;System info: os.name: &apos;Windows 7&apos;, os.arch: &apos;x86&apos;, os.version: &apos;6.1&apos;, java.version: &apos;1.7.0_25&apos;&#xa;Session ID: c99ce9efd4a7a3886ed3bd145901ef75&#xa;Driver info: org.openqa.selenium.chrome.ChromeDriver&#xa;Capabilities [{platform=XP, acceptSslCerts=true, javascriptEnabled=true, browserName=chrome, chrome={userDataDir=C:\Users\admin\AppData\Local\Temp\scoped_dir5896_15632}, rotatable=false, locationContextEnabled=true, version=36.0.1985.125, takesHeapSnapshot=true, cssSelectorsEnabled=true, databaseEnabled=false, handlesAlerts=true, browserConnectionEnabled=false, webStorageEnabled=true, nativeEvents=true, applicationCacheEnabled=false, takesScreenshot=true}]" type="org.openqa.selenium.NoSuchElementException">org.openqa.selenium.NoSuchElementException: no such element
  (Session info: chrome=36.0.1985.125)
  (Driver info: chromedriver=2.9.248315,platform=Windows NT 6.1 SP1 x86) (WARNING: The server did not provide any stacktrace information)
Command duration or timeout: 15.07 seconds
For documentation on this error, please visit: http://seleniumhq.org/exceptions/no_such_element.html
Build info: version: &apos;2.32.0&apos;, revision: &apos;6c40c18&apos;, time: &apos;2013-04-09 17:23:22&apos;
System info: os.name: &apos;Windows 7&apos;, os.arch: &apos;x86&apos;, os.version: &apos;6.1&apos;, java.version: &apos;1.7.0_25&apos;
Session ID: c99ce9efd4a7a3886ed3bd145901ef75
Driver info: org.openqa.selenium.chrome.ChromeDriver
Capabilities [{platform=XP, acceptSslCerts=true, javascriptEnabled=true, browserName=chrome, chrome={userDataDir=C:\Users\admin\AppData\Local\Temp\scoped_dir5896_15632}, rotatable=false, locationContextEnabled=true, version=36.0.1985.125, takesHeapSnapshot=true, cssSelectorsEnabled=true, databaseEnabled=false, handlesAlerts=true, browserConnectionEnabled=false, webStorageEnabled=true, nativeEvents=true, applicationCacheEnabled=false, takesScreenshot=true}]
	at java.lang.reflect.Constructor.newInstance(Constructor.java:526)
	at org.openqa.selenium.remote.ErrorHandler.createThrowable(ErrorHandler.java:187)
	at org.openqa.selenium.remote.ErrorHandler.throwIfResponseFailed(ErrorHandler.java:145)
	at org.openqa.selenium.remote.RemoteWebDriver.execute(RemoteWebDriver.java:554)
	at org.openqa.selenium.remote.RemoteWebDriver.findElement(RemoteWebDriver.java:307)
	at org.openqa.selenium.remote.RemoteWebDriver.findElementByXPath(RemoteWebDriver.java:404)
	at org.openqa.selenium.By$ByXPath.findElement(By.java:344)
	at org.openqa.selenium.remote.RemoteWebDriver.findElement(RemoteWebDriver.java:299)
	at org.openqa.selenium.support.events.EventFiringWebDriver$2.invoke(EventFiringWebDriver.java:101)
	at com.sun.proxy.$Proxy11.findElement(Unknown Source)
	at org.openqa.selenium.support.events.EventFiringWebDriver.findElement(EventFiringWebDriver.java:180)
	at Utility.Util.Login2(Util.java:49)
	at Test.LoginTest.Logintest(LoginTest.java:38)
</error>

      </testcase>

      <testcase classname="Test.MouseHoverNEWIN" name="MouseHoverNewInTest" time="18.002">
          <error message="no such element&#xa;  (Session info: chrome=36.0.1985.125)&#xa;  (Driver info: chromedriver=2.9.248315,platform=Windows NT 6.1 SP1 x86) (WARNING: The server did not provide any stacktrace information)&#xa;Command duration or timeout: 16.12 seconds&#xa;For documentation on this error, please visit: http://seleniumhq.org/exceptions/no_such_element.html&#xa;Build info: version: &apos;2.32.0&apos;, revision: &apos;6c40c18&apos;, time: &apos;2013-04-09 17:23:22&apos;&#xa;System info: os.name: &apos;Windows 7&apos;, os.arch: &apos;x86&apos;, os.version: &apos;6.1&apos;, java.version: &apos;1.7.0_25&apos;&#xa;Session ID: c99ce9efd4a7a3886ed3bd145901ef75&#xa;Driver info: org.openqa.selenium.chrome.ChromeDriver&#xa;Capabilities [{platform=XP, acceptSslCerts=true, javascriptEnabled=true, browserName=chrome, chrome={userDataDir=C:\Users\admin\AppData\Local\Temp\scoped_dir5896_15632}, rotatable=false, locationContextEnabled=true, version=36.0.1985.125, takesHeapSnapshot=true, cssSelectorsEnabled=true, databaseEnabled=false, handlesAlerts=true, browserConnectionEnabled=false, webStorageEnabled=true, nativeEvents=true, applicationCacheEnabled=false, takesScreenshot=true}]" type="org.openqa.selenium.NoSuchElementException">org.openqa.selenium.NoSuchElementException: no such element
  (Session info: chrome=36.0.1985.125)
  (Driver info: chromedriver=2.9.248315,platform=Windows NT 6.1 SP1 x86) (WARNING: The server did not provide any stacktrace information)
Command duration or timeout: 16.12 seconds
For documentation on this error, please visit: http://seleniumhq.org/exceptions/no_such_element.html
Build info: version: &apos;2.32.0&apos;, revision: &apos;6c40c18&apos;, time: &apos;2013-04-09 17:23:22&apos;
System info: os.name: &apos;Windows 7&apos;, os.arch: &apos;x86&apos;, os.version: &apos;6.1&apos;, java.version: &apos;1.7.0_25&apos;
Session ID: c99ce9efd4a7a3886ed3bd145901ef75
Driver info: org.openqa.selenium.chrome.ChromeDriver
Capabilities [{platform=XP, acceptSslCerts=true, javascriptEnabled=true, browserName=chrome, chrome={userDataDir=C:\Users\admin\AppData\Local\Temp\scoped_dir5896_15632}, rotatable=false, locationContextEnabled=true, version=36.0.1985.125, takesHeapSnapshot=true, cssSelectorsEnabled=true, databaseEnabled=false, handlesAlerts=true, browserConnectionEnabled=false, webStorageEnabled=true, nativeEvents=true, applicationCacheEnabled=false, takesScreenshot=true}]
	at java.lang.reflect.Constructor.newInstance(Constructor.java:526)
	at org.openqa.selenium.remote.ErrorHandler.createThrowable(ErrorHandler.java:187)
	at org.openqa.selenium.remote.ErrorHandler.throwIfResponseFailed(ErrorHandler.java:145)
	at org.openqa.selenium.remote.RemoteWebDriver.execute(RemoteWebDriver.java:554)
	at org.openqa.selenium.remote.RemoteWebDriver.findElement(RemoteWebDriver.java:307)
	at org.openqa.selenium.remote.RemoteWebDriver.findElementByXPath(RemoteWebDriver.java:404)
	at org.openqa.selenium.By$ByXPath.findElement(By.java:344)
	at org.openqa.selenium.remote.RemoteWebDriver.findElement(RemoteWebDriver.java:299)
	at org.openqa.selenium.support.events.EventFiringWebDriver$2.invoke(EventFiringWebDriver.java:101)
	at com.sun.proxy.$Proxy11.findElement(Unknown Source)
	at org.openqa.selenium.support.events.EventFiringWebDriver.findElement(EventFiringWebDriver.java:180)
	at Test.MouseHoverNEWIN.MouseHoverNewInTest(MouseHoverNEWIN.java:58)
</error>

      </testcase>

      <testcase classname="Test.LinkInNewIn" name="NewInMENSectionTest" time="15.732">
          <failure message="Element not found //li[@id=&apos;qa-navigation0&apos;]/a" type="junit.framework.AssertionFailedError">junit.framework.AssertionFailedError: Element not found //li[@id=&apos;qa-navigation0&apos;]/a
	at Base.BaseClass.GetObject(BaseClass.java:99)
	at Test.LinkInNewIn.NewInMENSectionTest(LinkInNewIn.java:115)
</failure>

      </testcase>

      <testcase classname="Test.Shoes" name="ShoesLinkTest" time="15.93">
          <failure message="Element not found //li[@id=&apos;qa-navigation0&apos;]/a" type="junit.framework.AssertionFailedError">junit.framework.AssertionFailedError: Element not found //li[@id=&apos;qa-navigation0&apos;]/a
	at Base.BaseClass.GetObject(BaseClass.java:99)
	at Test.Shoes.ShoesLinkTest(Shoes.java:80)
</failure>

      </testcase>

      <testcase classname="Test.Clothings" name="ClothLinkTest" time="16.223">
          <error message="no such element&#xa;  (Session info: chrome=36.0.1985.125)&#xa;  (Driver info: chromedriver=2.9.248315,platform=Windows NT 6.1 SP1 x86) (WARNING: The server did not provide any stacktrace information)&#xa;Command duration or timeout: 15.06 seconds&#xa;For documentation on this error, please visit: http://seleniumhq.org/exceptions/no_such_element.html&#xa;Build info: version: &apos;2.32.0&apos;, revision: &apos;6c40c18&apos;, time: &apos;2013-04-09 17:23:22&apos;&#xa;System info: os.name: &apos;Windows 7&apos;, os.arch: &apos;x86&apos;, os.version: &apos;6.1&apos;, java.version: &apos;1.7.0_25&apos;&#xa;Session ID: c99ce9efd4a7a3886ed3bd145901ef75&#xa;Driver info: org.openqa.selenium.chrome.ChromeDriver&#xa;Capabilities [{platform=XP, acceptSslCerts=true, javascriptEnabled=true, browserName=chrome, chrome={userDataDir=C:\Users\admin\AppData\Local\Temp\scoped_dir5896_15632}, rotatable=false, locationContextEnabled=true, version=36.0.1985.125, takesHeapSnapshot=true, cssSelectorsEnabled=true, databaseEnabled=false, handlesAlerts=true, browserConnectionEnabled=false, webStorageEnabled=true, nativeEvents=true, applicationCacheEnabled=false, takesScreenshot=true}]" type="org.openqa.selenium.NoSuchElementException">org.openqa.selenium.NoSuchElementException: no such element
  (Session info: chrome=36.0.1985.125)
  (Driver info: chromedriver=2.9.248315,platform=Windows NT 6.1 SP1 x86) (WARNING: The server did not provide any stacktrace information)
Command duration or timeout: 15.06 seconds
For documentation on this error, please visit: http://seleniumhq.org/exceptions/no_such_element.html
Build info: version: &apos;2.32.0&apos;, revision: &apos;6c40c18&apos;, time: &apos;2013-04-09 17:23:22&apos;
System info: os.name: &apos;Windows 7&apos;, os.arch: &apos;x86&apos;, os.version: &apos;6.1&apos;, java.version: &apos;1.7.0_25&apos;
Session ID: c99ce9efd4a7a3886ed3bd145901ef75
Driver info: org.openqa.selenium.chrome.ChromeDriver
Capabilities [{platform=XP, acceptSslCerts=true, javascriptEnabled=true, browserName=chrome, chrome={userDataDir=C:\Users\admin\AppData\Local\Temp\scoped_dir5896_15632}, rotatable=false, locationContextEnabled=true, version=36.0.1985.125, takesHeapSnapshot=true, cssSelectorsEnabled=true, databaseEnabled=false, handlesAlerts=true, browserConnectionEnabled=false, webStorageEnabled=true, nativeEvents=true, applicationCacheEnabled=false, takesScreenshot=true}]
	at java.lang.reflect.Constructor.newInstance(Constructor.java:526)
	at org.openqa.selenium.remote.ErrorHandler.createThrowable(ErrorHandler.java:187)
	at org.openqa.selenium.remote.ErrorHandler.throwIfResponseFailed(ErrorHandler.java:145)
	at org.openqa.selenium.remote.RemoteWebDriver.execute(RemoteWebDriver.java:554)
	at org.openqa.selenium.remote.RemoteWebDriver.findElement(RemoteWebDriver.java:307)
	at org.openqa.selenium.remote.RemoteWebDriver.findElementByXPath(RemoteWebDriver.java:404)
	at org.openqa.selenium.By$ByXPath.findElement(By.java:344)
	at org.openqa.selenium.remote.RemoteWebDriver.findElement(RemoteWebDriver.java:299)
	at org.openqa.selenium.support.events.EventFiringWebDriver$2.invoke(EventFiringWebDriver.java:101)
	at com.sun.proxy.$Proxy11.findElement(Unknown Source)
	at org.openqa.selenium.support.events.EventFiringWebDriver.findElement(EventFiringWebDriver.java:180)
	at Test.Clothings.ClothLinkTest(Clothings.java:44)
</error>

      </testcase>

      <testcase classname="Test.MenShoesNewArrival" name="ShoesNewArrivalTest" time="240.546" />

      <testcase classname="Test.CloseUrl" name="Closetest" time="3.512">
          <failure message="Expected exception: org.openqa.selenium.remote.SessionNotFoundException" type="junit.framework.AssertionFailedError">junit.framework.AssertionFailedError: Expected exception: org.openqa.selenium.remote.SessionNotFoundException
</failure>

      </testcase>

      <system-out><![CDATA[Initializing the system
Launching ChromeDriver
Launching url test
Online Shopping India: Shop Shoes, Clothing, Bags, Watches Online in India
Screenshot has been taken successfully at E:\Automation\EcPProjects1\Jabong\src\Screenshot\LaunchUrlTest.jpg
Printing server response code for URL---http://www.jabong.com/ 200
Function [serverresponse] returning true
System exiting test
Initializing the system
Launching SignUp test
Printing server response code for URL---http://www.jabong.com/ 200
Function [serverresponse] returning true
System exiting test
Initializing the system
Launching Login test
Printing server response code for URL---http://www.jabong.com/ 200
Function [serverresponse] returning true
System exiting test
Initializing the system
Launching MouseHoverNewInTest test
Printing server response code for URL---http://www.jabong.com/ 200
Function [serverresponse] returning true
System exiting test
Initializing the system
Launching NewInMENSectionTest test
System exiting test
Initializing the system
Launching ShoesLinkTest test
System exiting test
Initializing the system
Launching ClothLinkTest test
System exiting test
Initializing the system
Launching ShoesNewArrival test
Printing server response code for URL---http://www.jabong.com/men/shoes/new-products/?source=topnav 200
Function [serverresponse] returning true
Printing visited page title New Collection in Shoes for Men - Buy Latest Design Mens Shoes Online | Jabong.com
Total present 997 Products
Screenshot has been taken successfully at E:\Automation\EcPProjects1\Jabong\src\Screenshot\ShoesLinkTest.jpg
=================*=====================
Number of shoes available  997
=================*=====================
NEW
Nike
Free 5.0 Navy Blue Running Shoes
Rs.7995
NEW
Nike
Emerge Blue Running Shoes
Rs.3695
NEW
Nike
Chroma Thong Iii Black Flip Flops
Rs.1199
NEW
Adidas
Ax2 Mid Cp Camo Black Outdoor Shoes
Rs.11999
NEW
Nike
Flex Supreme Tr 3 Black Training Shoes
Rs.5995
NEW
Nike
Lunarglide 6 Green Running Shoes
Rs.9995
NEW
Adidas Originals
Varial Mid Black Sneakers
Rs.6999
NEW
Adidas Originals
Gazelle Og Blue Sneakers
Rs.5999
NEW
Adidas Originals
Adistar Racer Blue Sneakers
Rs.4999
NEW
Adidas Originals
Culver Vulc Navy Blue Sneakers
Rs.5999
NEW
Gas
Drive-001 Coffee Formal Shoes
Rs.3999
NEW
Incult
Brown Sneakers
Rs.1799
NEW
Gas
Clash Brown Sandals
Rs.2499
NEW
Lee Cooper
Grey Loafers
Rs.2999
NEW
Adidas Originals
Grand Prix Black Sneakers
Rs.5999
NEW
Phosphorus
Grey Loafers
Rs.1499
NEW
Gas
Tribe-001 Brown Sandals
Rs.1999
NEW
Lee Cooper
Brown Dress Shoes
Rs.2699
NEW
Adidas
Duramo Thong Black Slippers
Rs.1799
NEW
Nike
Eastham Navy Blue Sneakers
Rs.4795
NEW
Adidas Originals
Culver Mid Grey Sneakers
Rs.6999
NEW
Adidas Originals
Zx Vulc Navy Blue Sneakers
Rs.6599
NEW
Adidas Originals
Varial Low Navy Blue Sneakers
Rs.5999
NEW
Adidas Originals
Nizza Remodel Grey Sneakers
Rs.4599
NEW
Adidas Originals
Hamburg Blue Sneakers
Rs.6999
NEW
Adidas Originals
Js Instinct Hi Denim Blue Sneakers
Rs.10999
NEW
Woodland
Brown Outdoor Shoes
Rs.4395
NEW
Gas
Barren-001 Navy Blue Boots
Rs.3999
NEW
Incult
Navy Blue Sneakers
Rs.1699
NEW
Adidas Originals
Nizza Hi Yellow Sneakers
Rs.5999
NEW
Lee Cooper
Brown Dress Shoes
Rs.2699
NEW
Adidas
Adipure 360.2 Primo Black Training Shoes
Rs.6999
NEW
Adidas
Barricade Team 3 Black Tennis Shoes
Rs.5999
NEW
Adidas
Predito Instinct Tf Black Football Shoes
Rs.4299
NEW
Adidas
Adi Rio Black Flip Flops
Rs.999
NEW
Adidas
Terrex Fast X High Gtx Blue Outdoor Shoes
Rs.18999
NEW
Adidas
Cross Court Navy Blue Indoor Sports
Rs.3699
NEW
Adidas
Brizo Navy Blue Slippers
Rs.1299
NEW
Phosphorus
Green Lifestyle Shoes
Rs.1499
NEW
Adidas
Trail Charger Navy Blue Outdoor Shoes
Rs.3999
NEW
Woodland
Olive Lifestyle Shoes
Rs.3495
NEW
Woodland
Khaki Sandals
Rs.2995
NEW
Woodland
Red Sneakers
Rs.2395
NEW
Adidas
Adwen Red Floaters
Rs.2399
NEW
Adidas
Arina M Navy Blue Running Shoes
Rs.3999
NEW
DC
Mike Mo S Navy Blue Sneakers
Rs.6995
NEW
Incult
Black Loafers
Rs.1699
NEW
Incult
Navy Blue Loafers
Rs.1699
NEW
Gas
Hach Brown Slippers
Rs.1499
NEW
Z Collection
Brown Lifestyle Shoes
Rs.499
NEW
Z Collection
Olive Sneakers
Rs.499
NEW
Phosphorus
Coffee Loafers
Rs.1299
NEW
Phosphorus
Navy Blue Loafers
Rs.1299
NEW
Phosphorus
Navy Blue Sneakers
Rs.1699
NEW
Phosphorus
Navy Blue Sneakers
Rs.1599
NEW
Phosphorus
Navy Blue Loafers
Rs.1299
NEW
Phosphorus
Black Sneakers
Rs.1599
NEW
Adidas
Nova Cushion Blue Running Shoes
Rs.6999
NEW
DC
Crisis Grey Sneakers
Rs.5995
NEW
DC
Sceptor Black Sneakers
Rs.5495
NEW
DC
Rd Grand Mid Black Sneakers
Rs.6995
NEW
Z Collection
Green Lifestyle Shoes
Rs.499
NEW
Woodland
Brown Outdoor Shoes
Rs.3595
NEW
Woodland
Khaki Lifestyle Shoes
Rs.3195
NEW
Woodland
Green Sandals
Rs.2295
NEW
Adidas
Blazon 1 Silver Running Shoes
Rs.3799
NEW
DC
Cole Lite 2 S Black Sneakers
Rs.5995
NEW
DC
Cole Lite Blue Sneakers
Rs.5995
NEW
Z Collection
Grey Lifestyle Shoes
Rs.499
NEW
Z Collection
Black Sneakers
Rs.499
NEW
Phosphorus
Beige Sneakers
Rs.1599
NEW
Woodland
Green Outdoor Shoes
Rs.3395
NEW
Adidas Originals
Blue Og Black Sneakers
Rs.6999
NEW
Adidas
Alphard Grey Outdoor Shoes
Rs.3799
NEW
Louis Philippe
Black Formal Shoes
Rs.5999
NEW
Puma
Lazy Slip On Dp Grey Sneakers
Rs.2499
NEW
Z Collection
Red Lifestyle Shoes
Rs.499
NEW
DC
Studio Mid Se Black Sneakers
Rs.5995
NEW
Bruno Manetti
Brown Slippers
Rs.1299
NEW
Z Collection
Black Lifestyle Shoes
Rs.499
NEW
Jack & Jones
Reno Low Ruffled Navy Blue Sneakers
Rs.3995
NEW
Jack & Jones
Navy Blue Sneakers
Rs.2495
NEW
Adidas Originals
Adi Sun Black Flip Flops
Rs.1299
NEW
Vans
Chima Ferguson Pro Grey Sneakers
Rs.4599
NEW
Vans
Chukka Low Olive Sneakers
Rs.4399
NEW
Vans
Alomar Navy Blue Sneakers
Rs.6999
NEW
Vans
Bali Maroon Sneakers
Rs.3499
NEW
Vans
159 Vulcanized Blue Sneakers
Rs.3799
NEW
Vans
Rata Vulc Blue Sneakers
Rs.3699
NEW
Woodland
Red Sandals
Rs.2095
NEW
Vans
Authentic Aqua Sneakers
Rs.2699
NEW
Woodland
Golden Sandals
Rs.2095
NEW
Woodland
Olive Lifestyle Shoes
Rs.3295
NEW
Vans
Atwood Hi Brown Sneakers
Rs.4299
NEW
Z Collection
Green Boat Shoes
Rs.499
NEW
Vans
Michoacan Maroon Sneakers
Rs.3699
NEW
Vans
Happy Daze Black Sneakers
Rs.3699
NEW
Vans
Authentic Maroon Sneakers
Rs.2699
NEW
Vans
Fairhaven Olive Sneakers
Rs.3999
NEW
Vans
Camden (Atwood Decon) Khaki Sneakers
Rs.3399
NEW
Vans
Atwood Navy Blue Sneakers
Rs.3399
NEW
Nike
Air Max 2014 Black Running Shoes
Rs.14995
NEW
Jessi jordan
Black Boots
Rs.1699
NEW
Jessi jordan
Coffee Loafers
Rs.1799
NEW
Puma
Archive Lite Lo Rugged Core+ Olive Sneakers
Rs.4799
NEW
Adidas
Adze Black Flip Flops
Rs.899
NEW
Adidas
Adistar Boost M Esm Black Running Shoes
Rs.17999
NEW
Adidas Originals
Porsche Typ 64 2.0 Black Sneakers
Rs.7999
NEW
Vans
Chauffeur Black Boat Shoes
Rs.3599
NEW
Vans
Authentic Navy Blue Sneakers
Rs.2699
NEW
Incult
Blue Boots
Rs.1799
NEW
Nike
Anodyne Ds 2 Black Running Shoes
Rs.4995
NEW
Arden
Coffee Formal Shoes
Rs.6000
NEW
Z Collection
Green Sneakers
Rs.499
NEW
Woodland
Khaki Outdoor Shoes
Rs.3295
NEW
Vans
Atwood Hi Black Sneakers
Rs.4299
NEW
Phosphorus
Beige Boat Shoes
Rs.1699
NEW
Knotty Derby
Diggory Chukka Tan Boots
Rs.2088
NEW
Woodland
Black Lifestyle Shoes
Rs.3395
NEW
Clarks
Chilton Lace Tan Formal Shoes
Rs.4499
NEW
Adidas
Barracks F10 White Training Shoes
Rs.4999
NEW
Z Collection
Blue Lifestyle Shoes
Rs.499
NEW
Adidas
Predator Slide Black Slippers
Rs.3499
NEW
Gas
Clash Black Sandals
Rs.2499
NEW
Woodland
Camel Sandals
Rs.2695
NEW
Adidas Originals
Porsche 550 Sport Navy Blue Sneakers
Rs.8999
NEW
Phosphorus
Black Loafers
Rs.1299
NEW
Reebok
Zquick 2.0 Grey Running Shoes
Rs.8999
NEW
Adidas Originals
Porsche Typ 64 2.0 White Sneakers
Rs.7999
NEW
DC
Complice S Grey Sneakers
Rs.4995
NEW
Nike
Air Zoom Pegasus 31 Blue Running Shoes
Rs.8995
NEW
Incult
Navy Blue Loafers
Rs.1699
NEW
Incult
Navy Blue Sneakers
Rs.1299
NEW
Nike
Air Max 2014 Black Running Shoes
Rs.14995
NEW
Z Collection
Blue Sneakers
Rs.499
NEW
Phosphorus
Black Sneakers
Rs.1499
NEW
Vans
Era 59 Grey Sneakers
Rs.3599
NEW
Adidas
Response Boost Techfit Navy Blue Running Shoes
Rs.10999
NEW
Woodland
Khaki Lifestyle Shoes
Rs.3095
NEW
Woodland
Olive Outdoor Shoes
Rs.3395
NEW
Vans
Authentic Lo Pro Multi Sneakers
Rs.2799
NEW
Vans
Bedford Red Sneakers
Rs.5799
NEW
Z Collection
Grey Sneakers
Rs.499
NEW
Adidas Originals
Superstar Ii Black Sneakers
Rs.6999
NEW
Vans
Sk8-Hi Slim Black Sneakers
Rs.3799
NEW
Woodland
Olive Sandals
Rs.2995
NEW
Nike
Air Max 2014 White Running Shoes
Rs.14995
NEW
Adidas
Lite Pacer 2 Blue Running Shoes
Rs.5499
NEW
Phosphorus
Navy Blue Sneakers
Rs.1499
NEW
Adidas
Trail Charger Black Outdoor Shoes
Rs.3999
NEW
Lee Cooper
Brown Loafers
Rs.2699
NEW
Phosphorus
Black Loafers
Rs.1299
NEW
Vans
Old Skool Lite Red Sneakers
Rs.4799
NEW
Z Collection
Blue Lifestyle Shoes
Rs.499
NEW
Gas
Glint-001 Brown Slippers
Rs.1999
NEW
Adidas Originals
Stan Smith White Sneakers
Rs.5999
NEW
Adidas
Adipower Barricade 8+ Blue Tennis Shoes
Rs.11999
NEW
Z Collection
Black Sneakers
Rs.499
NEW
Nike
Air Max Crusher White Training Shoes
Rs.6295
NEW
Incult
Navy Blue Sneakers
Rs.1799
NEW
Adidas
Eyota Black Running Shoes
Rs.2999
NEW
Puma
917 Mid 2.0 Ind. Black Sneakers
Rs.2699
NEW
Z Collection
Navy Blue Boat Shoes
Rs.499
NEW
Nike
Liteforce Iii Mid Blue Sneakers
Rs.3495
NEW
Gas
Tribe-001 Black Sandals
Rs.1999
NEW
Nike
Jordan Bct Mid 2 Black Basketball Shoes
Rs.8495
NEW
Woodland
Olive Lifestyle Shoes
Rs.3795
NEW
Woodland
Camel Lifestyle Shoes
Rs.3095
NEW
Adidas
Element Refine Tricot Black Running Shoes
Rs.5599
NEW
Z Collection
Brown Sneakers
Rs.499
NEW
Adidas
22Yds Trainer 3 White Cricket
Rs.3499
NEW
Adidas Originals
Zx 850 Navy Blue Sneakers
Rs.7999
NEW
Fizik
Beige Floaters
Rs.499
NEW
Vans
Chauffeur Multi Boat Shoes
Rs.3699
NEW
Nike
Zoom Born Ready Blue Basketball Shoes
Rs.5495
NEW
Nike
Zoom Soldier Viii White Basketball Shoes
Rs.9995
NEW
Jessi jordan
Black Loafers
Rs.1799
NEW
Adidas
Impulse 1 Blue Running Shoes
Rs.4599
NEW
Vans
Bali Black Sneakers
Rs.3499
NEW
DC
Council Mid S Black Sneakers
Rs.6495
NEW
Nike
Mercurial Vortex Ii Fg Black Football Shoes
Rs.4295
NEW
Nike
Zoom Speed Tr Green Running Shoes
Rs.6295
NEW
Gas
Slam Black Slippers
Rs.1899
NEW
Adidas Originals
Zx Vulc Black Sneakers
Rs.6599
NEW
Z Collection
Navy Blue Sneakers
Rs.499
NEW
Lee Cooper
Brown Loafers
Rs.2999
NEW
Adidas
Duramo 6 Blue Running Shoes
Rs.5599
NEW
Puma
Kuris Ii Ind. Navy Blue Running Shoes
Rs.2499
NEW
Puma
Limnos Cat Ind. Black Sneakers
Rs.1999
NEW
Adidas
Alsek Blue Floaters
Rs.2399
NEW
Puma
Limnos Cat Ind. Blue Sneakers
Rs.1999
NEW
Phosphorus
Black Sneakers
Rs.1499
NEW
Reebok
Zquick 2.0 Blue Running Shoes
Rs.8999
NEW
Vans
Aldrich Brown Sneakers
Rs.3699
NEW
Adidas
Essential Star Black Training Shoes
Rs.4599
NEW
Nike
Air Profusion Ii Black Running Shoes
Rs.3295
NEW
Puma
Contest Lite Black Sneakers
Rs.2699
NEW
Gas
Maylar Navy Blue Moccasins
Rs.3499
NEW
Phosphorus
Black Loafers
Rs.1299
NEW
Nike
Free 5.0 Black Running Shoes
Rs.7995
NEW
Nike
Free Trainer 5.0 (V5) Grey Training Shoes
Rs.7495
NEW
Lee Cooper
Tan Loafers
Rs.2699
NEW
Adidas
Victorio Black Running Shoes
Rs.2999
NEW
Nike
Lunarglide 6 Black Running Shoes
Rs.9995
NEW
Phosphorus
Black Sneakers
Rs.1699
NEW
Nike
Air Futurun 2 Grey Running Shoes
Rs.5495
NEW
Bruno Manetti
Brown Slippers
Rs.1299
NEW
Phosphorus
Black Sneakers
Rs.1499
NEW
Adidas
Victorio Silver Running Shoes
Rs.2999
NEW
Adidas
Ax2 Camo Black Outdoor Shoes
Rs.6299
NEW
Nike
Air Max Stutter Step 2 Navy Blue Basketball Shoes
Rs.6295
NEW
Reebok
On Court Iii Black Sneakers
Rs.1999
NEW
Woodland
Camel Outdoor Shoes
Rs.3395
NEW
Vans
Atwood Navy Blue Sneakers
Rs.3399
NEW
Z Collection
BLUE SNEAKERS
Rs.499
NEW
Nike
Dynasty Lite Low Lthr Black Sneakers
Rs.3995
NEW
Incult
Black Sneakers
Rs.1299
NEW
Gas
Surge Brown Slippers
Rs.1899
NEW
Woodland
Beige Sandals
Rs.2595
NEW
Adidas Originals
Plimcana Low Black Sneakers
Rs.5999
NEW
Z Collection
Blue Sneakers
Rs.499
NEW
Phosphorus
Brown Sneakers
Rs.1499
NEW
Fila
Shooter Black Basketball Shoes
Rs.2599
NEW
DC
Council S Grey Sneakers
Rs.7495
NEW
Nike
The Overplay Viii Black Basketball Shoes
Rs.4495
NEW
Get Glamr
Brown Lifestyle Shoes
Rs.2499
NEW
Woodland
Khaki Sandals
Rs.2295
NEW
Woodland
Olive Sandals
Rs.2295
NEW
Nike
Air Max Stutter Step 2 Black Basketball Shoes
Rs.6295
NEW
Nike
Free 4.0 Flyknit Black Running Shoes
Rs.9995
NEW
Adidas
Calo 5 Gr Black Slippers
Rs.2599
NEW
Asics
Rocket 6 White Tennis Shoes
Rs.4499
NEW
Gas
Barren-001 Olive Boots
Rs.3999
NEW
Nike
Capri Iii Mid Ltr Navy Blue Sneakers
Rs.4995
NEW
Jack & Jones
Grey Sneakers
Rs.2495
NEW
Action
Grey Running Shoes
Rs.499
NEW
Woodland
Camel Lifestyle Shoes
Rs.3195
NEW
Adidas
Transcend Black Basketball Shoes
Rs.8999
NEW
Woodland
Blue Sneakers
Rs.2395
NEW
Phosphorus
Brown Sneakers
Rs.1499
NEW
Nike
Emerge Black Running Shoes
Rs.3695
NEW
Nike
Lunarglide 6 White Running Shoes
Rs.9995
NEW
Nautica
Beige Sneakers
Rs.2999
NEW
Nike
The Overplay Viii White Basketball Shoes
Rs.4495
NEW
Vans
Rata Vulc Brown Sneakers
Rs.3699
NEW
Adidas
Lite Quest Navy Blue Running Shoes
Rs.4699
NEW
Adidas
Ogin Grey Running Shoes
Rs.3299
NEW
Woodland
Olive Sandals
Rs.2595
NEW
Vans
Authentic Lo Pro Purple Sneakers
Rs.2799
NEW
Woodland
Camel Moccasins
Rs.3395
NEW
Crocs
Bistro Navy Blue Clogs
Rs.2495
NEW
Nautica
Red Sneakers
Rs.3299
NEW
Jessi jordan
Coffee Loafers
Rs.1799
NEW
Nike
Flyknit Lunar2 Green Running Shoes
Rs.14995
NEW
Woodland
Brown Lifestyle Shoes
Rs.3495
NEW
Crocs
Santa Cruz Rx Black Loafers
Rs.2595
NEW
Phosphorus
Beige Sneakers
Rs.1499
NEW
Woodland
Black Loafers
Rs.2995
NEW
Reebok
Adventure Cruiser Lp Beige Cricket
Rs.3999
NEW
Z Collection
Black Sneakers
Rs.499
NEW
Z Collection
Black Lifestyle Shoes
Rs.499
NEW
Fila
Brisk Black Running Shoes
Rs.1899
NEW
Nike
Chroma Thong Iii Green Flip Flops
Rs.1199
NEW
Incult
Black Boots
Rs.1799
NEW
Ruosh
Grey Formal Shoes
Rs.4490 Rs.2245 -50%
NEW
Fila
Mort Black Sneakers
Rs.2499
NEW
Nike
Air Relentless 3 Msl Grey Running Shoes
Rs.4695
NEW
Jessi jordan
Tan Boots
Rs.1999
NEW
Vans
159 Vulcanized Grey Sneakers
Rs.3799
NEW
Fizik
Black Floaters
Rs.499
NEW
Adidas
Adwen Navy Blue Floaters
Rs.2399
NEW
Adidas
Marathon 10 Ng Black Running Shoes
Rs.7499
NEW
Adidas Originals
Top Ten Hi Navy Blue Sneakers
Rs.7999
NEW
Incult
Grey Loafers
Rs.1699
NEW
Nike
Air Visi Pro V Red Basketball Shoes
Rs.5495
NEW
A By Arden
Black Formal Shoes
Rs.3988
NEW
Lee Cooper
Black Slippers
Rs.1799
NEW
Jessi jordan
Navy Blue Loafers
Rs.1799
NEW
Z Collection
Grey Sneakers
Rs.499
NEW
Nike
Anodyne Ds 2 Grey Running Shoes
Rs.4995
NEW
Fila
Blocker Black Basketball Shoes
Rs.2599
NEW
Nike
Jordan Bct Mid 2 White Basketball Shoes
Rs.8495
NEW
Woodland
Brown Lifestyle Shoes
Rs.3195
NEW
Fila
Slipt Grey Running Shoes
Rs.2499
NEW
Gas
Porto-001 Brown Boots
Rs.4499
NEW
Fila
Kemlin Black Running Shoes
Rs.2499
NEW
Fizik
Black Floaters
Rs.499
NEW
DC
Council Mid Tx Se Maroon Sneakers
Rs.5995
NEW
Phosphorus
Navy Blue Boat Shoes
Rs.1699
NEW
Adidas
Adze Grey Flip Flops
Rs.899
NEW
Phosphorus
Navy Blue Sneakers
Rs.1499
NEW
Woodland
Camel Lifestyle Shoes
Rs.3095
NEW
Adidas
Blazon 1 Black Running Shoes
Rs.3799
NEW
Action
Black Sneakers
Rs.699
NEW
Action
White Running Shoes
Rs.499
NEW
Nike
Lunareclipse 4 Black Running Shoes
Rs.11995
NEW
Fila
Crazy Navy Blue Sneakers
Rs.1499
NEW
Adidas
Marathon 10 Tr Navy Blue Running Shoes
Rs.7999
NEW
Bruno Manetti
Black Slippers
Rs.1299
NEW
Nike
Free 5.0 Blue Running Shoes
Rs.7995
NEW
Knotty Derby
Diggory Chukka Black Boots
Rs.2088
NEW
Woodland
Olive Outdoor Shoes
Rs.3595
NEW
Nike
Capri Iii Mid Ltr Grey Sneakers
Rs.4995
NEW
Woodland
Black Outdoor Shoes
Rs.4195
NEW
Nike
Revolve Navy Blue Running Shoes
Rs.3995
NEW
Z Collection
Black Sneakers
Rs.499
NEW
Action
Navy Blue Sneakers
Rs.699
NEW
Fila
Kent Black Sneakers
Rs.1999
NEW
Fila
Brisk White Running Shoes
Rs.1899
NEW
American Derby Polo Club
Black Lifestyle Shoes
Rs.2499
NEW
Nike
Dual Fusion Tr 5 Black Training Shoes
Rs.5795
NEW
Nike
Free Trainer 5.0 (V5) Black Running Shoes
Rs.7495
NEW
Puma
Axis Iii Ind. White Running Shoes
Rs.2999
NEW
Gas
Glint-001 Black Slippers
Rs.1999
NEW
Adidas
Lightster Stab White Running Shoes
Rs.8099
NEW
Wave Walk
Black Loafers
Rs.1249
NEW
Fila
Temptation Black Running Shoes
Rs.2499
NEW
Nike
Chroma Thong Iii Red Slippers
Rs.1199
NEW
NBA
Red Basketball Shoes
Rs.9999
NEW
Reebok
Zquick 2.0 Black Running Shoes
Rs.8999
NEW
Reebok
Camo Flip Lp Blue Flip Flops
Rs.899
NEW
Woodland
Brown Lifestyle Shoes
Rs.3295
NEW
Phosphorus
Black Sneakers
Rs.1699
NEW
Adidas
Calo 5 Yellow Slippers
Rs.2499
NEW
Woodland
Khaki Lifestyle Shoes
Rs.3495
NEW
Fila
Temptation Black Running Shoes
Rs.2499
NEW
Action
Black Formal Shoes
Rs.1099
NEW
Nautica
Red Sneakers
Rs.2999
NEW
Lee Cooper
Khaki Sandals
Rs.2199
NEW
Woodland
Camel Lifestyle Shoes
Rs.3495
NEW
Phosphorus
Navy Blue Loafers
Rs.1299
NEW
Nike
Bomba Finale Ii Black Football Shoes
Rs.6295
NEW
Phosphorus
Black Sneakers
Rs.1499
NEW
Fila
Skipper Navy Blue Sneakers
Rs.1499
NEW
Adidas
Adipure 360.2 Primo Black Training Shoes
Rs.6999
NEW
United Colors of Benetton
Navy Blue Flip Flops
Rs.499
NEW
Fila
Jump In Navy Blue Basketball Shoes
Rs.2599
NEW
Adidas
Ogin Black Running Shoes
Rs.3299
NEW
Nike
Benassi Swoosh Blue Slippers
Rs.1899
NEW
Nike
Lunar Forever 3 Msl Blue Running Shoes
Rs.6295
NEW
United Colors of Benetton
Black Flip Flops
Rs.499
NEW
Jack & Jones
Hawaii Pack Jjvc Yellow Flip Flops
Rs.595
NEW
Z Collection
Blue Sneakers
Rs.499
NEW
Arden
Brown Boots
Rs.7000
NEW
Reebok
United Runner Iv Lp Grey Running Shoes
Rs.3299
NEW
Nike
Lunar Forever 3 Msl Black Running Shoes
Rs.6295
NEW
Nike
Air Max Crusher Grey & Black Training Shoes
Rs.6295
NEW
Vans
Authentic Black Sneakers
Rs.2699
NEW
Action
White Running Shoes
Rs.1399
NEW
Vans
Chauffeur Green Boat Shoes
Rs.3699
NEW
Nike
Dynasty Lite Low Lthr Grey Sneakers
Rs.3995
NEW
Phosphorus
Brown Loafers
Rs.1699
NEW
Lee Cooper
Black Loafers
Rs.2999
NEW
Puma
Shintai V2 Black Running Shoes
Rs.3999
NEW
Gas
Revive-001 Brown Moccasins
Rs.3999
NEW
Lee Cooper
Black Moccasins
Rs.2999
NEW
Fila
Court Mate White Tennis Shoes
Rs.2599
NEW
Reebok
On Court Iii Lp Olive Sneakers
Rs.1999
NEW
Action
Black Formal Shoes
Rs.1099
NEW
Adidas Originals
Adi Sun Blue Flip Flops
Rs.1299
NEW
Nike
Sweeper Textile White Sneakers
Rs.3695
NEW
Action
Brown Floaters
Rs.449
NEW
Gas
Maylar Brown Moccasins
Rs.3499
NEW
Gas
New Grind Grey Running Shoes
Rs.2999
NEW
Louis Philippe
Brown Formal Shoes
Rs.4799
NEW
Clarks
Fore Sun Black Moccasins
Rs.3999
NEW
Fila
Kent Navy Blue Sneakers
Rs.1999
NEW
Adidas Originals
Nizza Remodel Navy Blue Sneakers
Rs.4599
NEW
Get Glamr
Blue Lifestyle Shoes
Rs.2499
NEW
Puma
Shintai V2 Black Running Shoes
Rs.3999
NEW
Phosphorus
Grey Sneakers
Rs.1499
NEW
Lee Cooper
Black Formal Shoes
Rs.2199
NEW
Get Glamr
Beige Sneakers
Rs.1649
NEW
Z Collection
Black Lifestyle Shoes
Rs.499
NEW
Adidas Originals
Porsche 356 Mid Navy Blue Sneakers
Rs.10999
NEW
Adidas Originals
Nizza Remodel Black Sneakers
Rs.4599
NEW
Phosphorus
Black Boat Shoes
Rs.1699
NEW
Nike
Dual Fusion Retro Green and Grey Running Shoes
Rs.4995
NEW
Fila
Morrish Red Sneakers
Rs.1499
NEW
Puma
Touring Cat Mamgp Grid Black Sneakers
Rs.6999
NEW
Adidas
Essential Star White Training Shoes
Rs.4599
NEW
Arden
Black Boots
Rs.7800
NEW
Sanfrissco
Navy Blue Moccasins
Rs.1995
NEW
Sanfrissco
Red Moccasins
Rs.1995
NEW
Fila
Space Runner Black Running Shoes
Rs.2499
NEW
Vans
Atwood Black Sneakers
Rs.3399
NEW
Z Collection
Black Boat Shoes
Rs.499
NEW
Fila
Mort Black Sneakers
Rs.2499
NEW
Woodland
Olive Slippers
Rs.1595
NEW
Adidas Originals
Zx 700 Black Sneakers
Rs.7999
NEW
Fila
Avis Brown Floaters
Rs.1799
NEW
Jessi jordan
Brown Loafers
Rs.1799
NEW
Knotty Derby
Tom Tan Moccasins
Rs.1988
NEW
Nike
Air Relentless 3 Msl Blue Running Shoes
Rs.4695
NEW
Adidas
Nova Cushion White Running Shoes
Rs.6999
NEW
Woodland
Camel Lifestyle Shoes
Rs.3795
NEW
Fila
Levo Black Running Shoes
Rs.2499
NEW
Z Collection
Black Sneakers
Rs.499
NEW
DC
Anvil Shoe Blue Sneakers
Rs.4995
NEW
Jack & Jones
Reno Low Ruffled Beige Sneakers
Rs.3995
NEW
Gas
Swamp Black Slippers
Rs.1599
NEW
Lee Cooper
Black Loafers
Rs.2699
NEW
Fila
Cosimo Navy Blue Sneakers
Rs.1999
NEW
Lee Cooper
Black Dress Shoes
Rs.2699
NEW
Louis Philippe
Blue Moccasins
Rs.4799
NEW
Gas
Barren-001 Brown Boots
Rs.3999
NEW
Woodland
Black Slippers
Rs.1995
NEW
Fila
Skate Up Grey Sneakers
Rs.2499
NEW
Adidas
Response Approach Str White Tennis Shoes
Rs.4999
NEW
Louis Philippe
Brown Moccasins
Rs.4799
NEW
Lee Cooper
Black Dress Shoes
Rs.2699
NEW
Z Collection
Camel Lifestyle Shoes
Rs.499
NEW
Nike
Capri Iii Low Lthr Blue Sneakers
Rs.4295
NEW
Fila
Thunder White Running Shoes
Rs.2499
NEW
Get Glamr
Black Sneakers
Rs.1649
NEW
Arden
Black Boots
Rs.6500
NEW
Get Glamr
Black Sneakers
Rs.1699
NEW
Bruno Manetti
Beige Moccasins
Rs.1999
NEW
Z Collection
Blue Lifestyle Shoes
Rs.499
NEW
Woodland
Black Slippers
Rs.1995
NEW
Fila
Lite Runner Black Running Shoes
Rs.2599
NEW
Nike
Benassi Solarsoft Slide Navy Blue Slippers
Rs.2795
NEW
Bruno Manetti
Maroon Moccasins
Rs.2499
NEW
Adidas
Element Refine Tricot Green Running Shoes
Rs.5599
NEW
Bruno Manetti
Black Formal Shoes
Rs.1999
NEW
Adidas Originals
Hamburg Black Sneakers
Rs.6999
NEW
Incult
Navy Blue Boots
Rs.1799
NEW
Phosphorus
Navy Blue Sneakers
Rs.1499
NEW
Jessi jordan
Navy Blue Boots
Rs.1699
NEW
Fizik
Grey Floaters
Rs.499
NEW
Freetoes
Why So Serious Black Flip Flops
Rs.399
NEW
Ruosh
Black Formal Shoes
Rs.3990
NEW
Woodland
Red Slippers
Rs.1595
NEW
Ruosh
Black Formal Shoes
Rs.3990
NEW
Z Collection
Black Lifestyle Shoes
Rs.499
NEW
Action
White Running Shoes
Rs.1399
NEW
Louis Philippe
Black Formal Shoes
Rs.4999
NEW
Incult
Grey Sneakers
Rs.1299
NEW
Jessi jordan
Brown Loafers
Rs.1799
NEW
Jessi jordan
Brown Loafers
Rs.1799
NEW
Gas
Drive-001 Black Formal Shoes
Rs.3999
NEW
Nike
Air One Tr White Running Shoes
Rs.4995
NEW
Wave Walk
Olive Sneakers
Rs.1249
NEW
Fila
Forli Grey Running Shoes
Rs.2699
NEW
Adidas
Brizo Black Slippers
Rs.1299
NEW
Freetoes
Funky Black Flip Flops
Rs.399
NEW
Fila
Levo Grey Running Shoes
Rs.2499
NEW
Phosphorus
Coffee Loafers
Rs.1299
NEW
Phosphorus
Brown Sneakers
Rs.1499
NEW
Incult
Khaki Loafers
Rs.1699
NEW
Incult
Beige Sneakers
Rs.1299
NEW
Jessi jordan
Black Loafers
Rs.1799
NEW
Phosphorus
Brown Sneakers
Rs.1699
NEW
Phosphorus
Grey Sneakers
Rs.1699
NEW
Adidas Originals
Top Ten Hi White Sneakers
Rs.7999
NEW
Gas
Swamp Brown Slippers
Rs.1599
NEW
Fila
Skipper Black Sneakers
Rs.1499
NEW
Nike
Dual Fusion Retro Red Running Shoes
Rs.4995
NEW
Puma
Nova Ind. Black Floaters
Rs.1599
NEW
Fila
Joy Black Sneakers
Rs.1499
NEW
Fila
Joy Navy Blue Sneakers
Rs.1499
NEW
Fila
Prato Black Sneakers
Rs.2499
NEW
Woodland
Camel Sandals
Rs.2995
NEW
Z Collection
Blue Lifestyle Shoes
Rs.499
NEW
Bruno Manetti
Black Lifestyle Shoes
Rs.2199
NEW
Get Glamr
Brown Sneakers
Rs.1649
NEW
Incult
Black Sneakers
Rs.1699
NEW
Incult
Camel Loafers
Rs.1699
NEW
Incult
Black Sneakers
Rs.1799
NEW
Incult
Black Loafers
Rs.1699
NEW
Phosphorus
Blue Sneakers
Rs.1499
NEW
Phosphorus
Black Sneakers
Rs.1499
NEW
Phosphorus
Blue Loafers
Rs.1299
NEW
Phosphorus
Navy Blue Sneakers
Rs.1499
NEW
Phosphorus
Coffee Sneakers
Rs.1499
NEW
Z Collection
Black Sneakers
Rs.499
NEW
Gas
Maylar Khaki Moccasins
Rs.3499
NEW
Z Collection
Blue Boat Shoes
Rs.499
NEW
Gas
Hach Black Slippers
Rs.1499
NEW
Z Collection
Blue Sneakers
Rs.499
NEW
Z Collection
Brown Sneakers
Rs.499
NEW
Z Collection
Brown Sneakers
Rs.499
NEW
Puma
Guida Moc Sf Chase Red Loafers
Rs.7499
NEW
Arden
Black Boots
Rs.6800
NEW
Adidas Originals
Nizza Hi Black Sneakers
Rs.5999
NEW
Gas
Porto-001 Black Boots
Rs.4499
NEW
Get Glamr
Black Slippers
Rs.1699
NEW
Adidas Originals
Superstar Ii Blue Sneakers
Rs.6999
NEW
Phosphorus
Coffee Loafers
Rs.1299
NEW
Phosphorus
Black Loafers
Rs.1299
NEW
Phosphorus
Brown Sneakers
Rs.1499
NEW
Phosphorus
Black Sneakers
Rs.1699
NEW
Phosphorus
Multi Loafers
Rs.1299
NEW
Phosphorus
Black Loafers
Rs.1499
NEW
Phosphorus
Navy Blue Loafers
Rs.1499
NEW
Puma
Future Suede Lo Fil Black Sneakers
Rs.5499
NEW
Z Collection
Camel Lifestyle Shoes
Rs.499
NEW
Fila
Crazy Maroon Sneakers
Rs.1499
NEW
Arden
Black Boots
Rs.6800
NEW
Woodland
Khaki Outdoor Shoes
Rs.3395
NEW
Bruno Manetti
Black Formal Shoes
Rs.1999
NEW
Arden
Brown Boots
Rs.6600
NEW
Wave Walk
Brown Slippers
Rs.899
NEW
Adidas Originals
Gazelle Og Green Sneakers
Rs.5999
NEW
Gas
Surge Black Slippers
Rs.1899
NEW
Jack & Jones
Hawaii Pack Jjvc White Flip Flops
Rs.595
NEW
Puma
Neon Cat Black Flip Flops
Rs.699
NEW
Louis Philippe
Brown Formal Shoes
Rs.4799
NEW
Puma
Salz Ii Dp Red Sneakers
Rs.2999
NEW
Adidas Originals
Varial Low Black Sneakers
Rs.5999
NEW
DC
Crisis Black Sneakers
Rs.5995
NEW
DC
Council Grey Sneakers
Rs.4995
NEW
DC
Studio Se Black Sneakers
Rs.5495
NEW
DC
Council Le Black Sneakers
Rs.5995
NEW
DC
Villain Tx Shoe Grey Sneakers
Rs.4495
NEW
Z Collection
Green Lifestyle Shoes
Rs.499
NEW
American Derby Polo Club
Brown Boots
Rs.2499
NEW
Puma
Bmw Ms Chrono Lo Blue Sneakers
Rs.6499
NEW
Puma
Faas Slide Ind. Black Floaters
Rs.2499
NEW
Fila
Jump In Black Basketball Shoes
Rs.2599
NEW
Puma
Future Brasil Lite Rugged Olive Sneakers
Rs.5999
NEW
ESTD.1977
Olive Slippers
Rs.1880
NEW
Fila
Cosimo Brown Sneakers
Rs.1999
NEW
Get Glamr
Navy Blue Sneakers
Rs.1599
NEW
Puma
Neon Cat Navy Blue Flip Flops
Rs.699
NEW
Adidas Originals
Sl72 Navy Blue Sneakers
Rs.4999
NEW
Puma
Bmw Ms Ignite Blue Sneakers
Rs.5999
NEW
Adidas
Adizero Adios Boost 2 Red Running Shoes
Rs.13999
NEW
Woodland
Brown Lifestyle Shoes
Rs.3495
NEW
Woodland
Camel Lifestyle Shoes
Rs.3495
NEW
Adidas
Evossage Black Slippers
Rs.3299
NEW
Bruno Manetti
Brown Formal Shoes
Rs.2499
NEW
Woodland
Khaki Floaters
Rs.2795
NEW
Arden
Brown Boots
Rs.6800
NEW
Nike
Mercurial Victory V Hg-V Black Football Shoes
Rs.5995
NEW
Puma
Bmw Ms Drift Cat 6 White Sneakers
Rs.5999
NEW
Bruno Manetti
Navy Blue Lifestyle Shoes
Rs.2199
NEW
Bruno Manetti
Brown Formal Shoes
Rs.1999
NEW
Puma
Speedo White Sneakers
Rs.2499
NEW
Woodland
Black Slippers
Rs.1695
NEW
Puma
Haven Brown Sandals
Rs.1999
NEW
Clarks
Nature Open Brown Sandals
Rs.5499
NEW
Puma
Faas 600 S Grey Running Shoes
Rs.7999
NEW
Vans
Chima Ferguson Pro Navy Blue Sneakers
Rs.4599
NEW
Vans
Chima Ferguson Pro Blue Sneakers
Rs.4599
NEW
Adidas
Predito Instinct In Black Football
Rs.4299
NEW
Ruosh
Black Formal Shoes
Rs.4690 Rs.2345 -50%
NEW
Puma
Maze Brown Slippers
Rs.1299
NEW
Puma
Vesta Sdl Ind. Blue Floaters
Rs.2499
NEW
Wave Walk
Black Lifestyle Shoes
Rs.1499
NEW
A By Arden
Brown Lifestyle Shoes
Rs.2788
NEW
Fila
Win The Game Black Basketball Shoes
Rs.2599
NEW
Z Collection
Brown Lifestyle Shoes
Rs.499
NEW
Yepme
Blue Running Shoes
Rs.1499
NEW
Puma
Bmw Ms Chrono Lo White Sneakers
Rs.6499
NEW
Get Glamr
Blue Sneakers
Rs.1699
NEW
United Colors of Benetton
Red Flip Flops
Rs.799
NEW
Fila
Shooter Navy Blue Basketball Shoes
Rs.2599
NEW
Puma
Future Brasil Lite Rugged Maroon Sneakers
Rs.5999
NEW
Vans
Michoacan Grey Sneakers
Rs.3699
NEW
Vans
Chukka Low Red Sneakers
Rs.4399
NEW
Puma
Jamey Ind. Black Floaters
Rs.2999
NEW
Louis Philippe
Brown Moccasins
Rs.4799
NEW
A By Arden
Brown Loafers
Rs.3788
NEW
Puma
Silicis Low Ind. Brown Outdoor Shoes
Rs.4299
NEW
Adidas
Cross Court White Indoor Sports
Rs.3699
NEW
Puma
Future Brasil Lite Rugged Blue Sneakers
Rs.5999
NEW
Z Collection
Black Lifestyle Shoes
Rs.499
NEW
Puma
Axis V3 Blue Running Shoes
Rs.3999
NEW
Yepme
Black Running Shoes
Rs.1499
NEW
Nike
Air Zoom Elite 7 Blue Running Shoes
Rs.7695
NEW
Z Collection
Grey Lifestyle Shoes
Rs.499
NEW
Get Glamr
Black Lifestyle Shoes
Rs.2499
NEW
Puma
Faas Slide Ind. Multi Floaters
Rs.2499
NEW
Clarks
Chilton Lace Black Formal Shoes
Rs.4499
NEW
Puma
Bmw M Pilot Mid Slick Black Sneakers
Rs.6999
NEW
Buckaroo
Melania Coffee Lifestyle Shoes
Rs.2895
NEW
Z Collection
Black Lifestyle Shoes
Rs.499
NEW
Knotty Derby
Tom Black Moccasins
Rs.2288
NEW
Puma
Faas 600 S Black Running Shoes
Rs.7999
NEW
Puma
Valorosso Mid Sf Webcage 2 Blue Sneakers
Rs.7499
NEW
Vans
Old Skool Lite Black Sneakers
Rs.4799
NEW
Vans
Chauffeur Blue Boat Shoes
Rs.3699
NEW
Knotty Derby
Riddle Black Moccasins
Rs.1988
NEW
Get Glamr
Brown Sneakers
Rs.1649
NEW
Nautica
Navy Blue Flip Flops
Rs.1299
NEW
Fizik
Black Floaters
Rs.499
NEW
Bruno Manetti
White Lifestyle Shoes
Rs.1799
NEW
Knotty Derby
Tom Black Moccasins
Rs.2288
NEW
Nike
Field Trainer Purple Sneakers
Rs.4795
NEW
Bruno Manetti
Black Formal Shoes
Rs.1999
NEW
Z Collection
Blue Lifestyle Shoes
Rs.499
NEW
Action
White Running Shoes
Rs.1399
NEW
Get Glamr
Black Sneakers
Rs.1649
NEW
Puma
Florida Dp Black Flip Flops
Rs.799
NEW
Z Collection
Grey Loafers
Rs.499
NEW
Z Collection
Black Loafers
Rs.499
NEW
Knotty Derby
Diggory Derby Brown Formal Shoes
Rs.1988
NEW
Adidas
Lite Primo Silver Running Shoes
Rs.3599
NEW
Puma
Lithium Rubber White Cricket
Rs.3499
NEW
Arden
Brown Boots
Rs.6800
NEW
Puma
Speedo Black Sneakers
Rs.2499
NEW
Wave Walk
Brown Loafers
Rs.1249
NEW
Z Collection
Black Lifestyle Shoes
Rs.499
NEW
Puma
Bmw Ms Ignite White Sneakers
Rs.5999
NEW
Puma
Florida Dp Grey Flip Flops
Rs.799
NEW
United Colors of Benetton
Red Flip Flops
Rs.799
NEW
Alberto Torresi
Brown Boots
Rs.3995
NEW
Puma
Maze Dp Black Slippers
Rs.1299
NEW
Puma
Descendant Slipon Ind. Blue Running Shoes
Rs.3999
NEW
Ruosh
Black Moccasins
Rs.4390
NEW
Z Collection
Brown Lifestyle Shoes
Rs.499
NEW
Puma
Evospeed 5.3 Tt Purple Football Shoes
Rs.4499
NEW
Puma
Florida Dp Black Flip Flops
Rs.799
NEW
Nautica
Black Boat Shoes
Rs.4999
NEW
Bruno Manetti
White Slippers
Rs.1299
NEW
Wave Walk
Tan Loafers
Rs.1499
NEW
Bruno Manetti
Red Lifestyle Shoes
Rs.2199
NEW
American Derby Polo Club
Black Sandals
Rs.1799
NEW
Action
Black Floaters
Rs.449
NEW
Knotty Derby
Regulus Derby Brown Formal Shoes
Rs.1988
NEW
Louis Philippe
Brown Moccasins
Rs.4699
NEW
Z Collection
Brown Lifestyle Shoes
Rs.499
NEW
Fila
Morrish Grey Sneakers
Rs.1499
NEW
Fila
Crazy Blue Sneakers
Rs.1499
NEW
American Derby Polo Club
Tan Sandals
Rs.1799
NEW
Puma
Evospeed Indoor 5.3 Aqua Indoor Sports
Rs.5499
NEW
Knotty Derby
Oliver Longwing Brogue Brown Formal Shoes
Rs.1988
NEW
Bruno Manetti
Blue Sneakers
Rs.1299
NEW
American Derby Polo Club
Tan Sandals
Rs.1799
NEW
Yepme
White Running Shoes
Rs.999
NEW
Fila
Roser Black Sneakers
Rs.1499
NEW
American Derby Polo Club
Tan Moccasins
Rs.1999
NEW
Fila
Space Runner White Running Shoes
Rs.2499
NEW
Z Collection
Black Lifestyle Shoes
Rs.499
NEW
Andrew Hill
Black Formal Shoes
Rs.999
NEW
Woodland
Brown Outdoor Shoes
Rs.3495
NEW
Bruno Manetti
Navy Blue Boots
Rs.2499
NEW
Knotty Derby
Diggory Derby Brown Boots
Rs.2288
NEW
Knotty Derby
Diggory Derby Blue Formal Shoes
Rs.1988
NEW
Bruno Manetti
Brown Formal Shoes
Rs.1999
NEW
A By Arden
Red Moccasins
Rs.2488
NEW
Knotty Derby
Diggory Derby Black Boots
Rs.2288
NEW
A By Arden
Navy Blue Boat Shoes
Rs.2988
NEW
Fila
Win The Game Navy Blue Basketball Shoes
Rs.2599
NEW
Yepme
Grey Running Shoes
Rs.1499
NEW
Ruosh
Tan Formal Shoes
Rs.6990
NEW
Nautica
Black Slippers
Rs.2999
NEW
United Colors of Benetton
Yellow Flip Flops
Rs.799
NEW
Arden
Black Boots
Rs.7000
NEW
Wave Walk
Black Moccasins
Rs.1800
NEW
Knotty Derby
Riddle Cream Moccasins
Rs.2488
NEW
Z Collection
Red Lifestyle Shoes
Rs.499
NEW
American Derby Polo Club
Blue Moccasins
Rs.1999
NEW
American Derby Polo Club
Black Sandals
Rs.1799
NEW
Knotty Derby
Tom Brown Moccasins
Rs.2088
NEW
Z Collection
Black Loafers
Rs.499
NEW
Wave Walk
Tan Moccasins
Rs.1800
NEW
Clarks
Royston Grand Black Moccasins
Rs.3999
NEW
Get Glamr
White Slippers
Rs.1699
NEW
Wave Walk
Brown Moccasins
Rs.1800
NEW
Yepme
Yellow Running Shoes
Rs.499
NEW
Z Collection
Black Lifestyle Shoes
Rs.499
NEW
Knotty Derby
Tom Black Moccasins
Rs.1988
NEW
Knotty Derby
James Sneak Brown Sneakers
Rs.1988
NEW
Puma
Vesta Sdl Ind. Red Floaters
Rs.2499
NEW
Yepme
White Basketball Shoes
Rs.1499
NEW
Arden
Black Boots
Rs.7000
NEW
Get Glamr
Tan Slippers
Rs.1699
NEW
Bruno Manetti
Black Sneakers
Rs.1299
NEW
Bruno Manetti
Green Sneakers
Rs.1299
NEW
Bruno Manetti
Tan Formal Shoes
Rs.1999
NEW
Wave Walk
Red Moccasins
Rs.1800
NEW
Woodland
Brown Slippers
Rs.1995
NEW
Puma
Vesta Sdl Ind. Black Floaters
Rs.2499
NEW
Wave Walk
Red Slippers
Rs.999
NEW
Wave Walk
Red Moccasins
Rs.1249
NEW
Wave Walk
Black Slippers
Rs.899
NEW
Bruno Manetti
Black Slippers
Rs.1299
NEW
Bruno Manetti
Coffee Moccasins
Rs.1799
NEW
Ruosh
Brown Formal Shoes
Rs.3990 Rs.2394 -40%
NEW
Fila
Zodiac Black Sneakers
Rs.2099
NEW
Bruno Manetti
Navy Blue Moccasins
Rs.1999
NEW
PADUKI
Beige Loafers
Rs.499
NEW
Wave Walk
Tan Moccasins
Rs.1249
NEW
Andrew Hill
Black Formal Shoes
Rs.1699
NEW
Nautica
Green Sneakers
Rs.2999
NEW
American Derby Polo Club
Brown Boots
Rs.2799
NEW
Bruno Manetti
Camel Lifestyle Shoes
Rs.2199
NEW
Puma
Faas Sandal Ind. Coffee Floaters
Rs.2499
NEW
Wave Walk
Red Moccasins
Rs.1800
NEW
Wave Walk
Brown Moccasins
Rs.1800
NEW
Yepme
White Basketball Shoes
Rs.1499
NEW
Yepme
White Running Shoes
Rs.499
NEW
American Derby Polo Club
Blue Boots
Rs.2499
NEW
A By Arden
Olive Moccasins
Rs.2488
NEW
Knotty Derby
Knicker Side Panel Chukka Brown Lifestyle Shoes
Rs.1988
NEW
Wave Walk
Brown Formal Shoes
Rs.1249
NEW
Arden
Brown Boots
Rs.7000
NEW
A By Arden
Black Formal Shoes
Rs.3988
NEW
Ruosh
Brown Formal Shoes
Rs.3490
NEW
Ruosh
Tan Formal Shoes
Rs.6290 Rs.4403 -30%
NEW
Puma
Faas Sandal Ind Black Floaters
Rs.2499
NEW
American Derby Polo Club
Tan Moccasins
Rs.1999
NEW
Puma
Descendant Ind. Grey Running Shoes
Rs.3999
NEW
Andrew Hill
Black Dress Shoes
Rs.2199
NEW
Puma
Faas Sandal Ind Grey Floaters
Rs.2499
NEW
Ruosh
Brown Formal Shoes
Rs.5490
NEW
Puma
Valorosso Mid Sf Webcage 2 Red Sneakers
Rs.7499
NEW
Wave Walk
Brown Moccasins
Rs.1800
NEW
ESTD.1977
Black Sandals
Rs.2280
NEW
Clarks
Mumford Folk Brown Lifestyle Shoes
Rs.5499
NEW
Clarks
Motive Mix Black Boots
Rs.5499
NEW
Clarks
Quay Port Brown Boat Shoes
Rs.4999
NEW
A By Arden
Tan Lifestyle Shoes
Rs.2988
NEW
Jack & Jones
Hawaii Pack Jjvc Olive Flip Flops
Rs.595
NEW
United Colors of Benetton
Green Flip Flops
Rs.799
NEW
Get Glamr
Beige Sneakers
Rs.1649
NEW
Woodland
Black Slippers
Rs.1995
NEW
Wave Walk
Black Moccasins
Rs.1800
NEW
Wave Walk
Blue Loafers
Rs.1499
NEW
Bruno Manetti
Black Moccasins
Rs.1999
NEW
American Derby Polo Club
Brown Boots
Rs.2499
NEW
ESTD.1977
Black Loafers
Rs.4380
NEW
Nautica
Coffee Slippers
Rs.2999
NEW
Provogue
Black Formal Shoes
Rs.2299
NEW
Knotty Derby
Diggory Chukka Blue Boots
Rs.2088
NEW
Woodland
Camel Sandals
Rs.2595
NEW
Bruno Manetti
Tan Formal Shoes
Rs.2499
NEW
Yepme
White Running Shoes
Rs.499
NEW
Woodland
Green Lifestyle Shoes
Rs.3195
NEW
Z Collection
Red Loafers
Rs.499
NEW
Woodland
Brown Lifestyle Shoes
Rs.3295
NEW
Puma
Miami Iii Black Flip Flops
Rs.599
NEW
Wave Walk
Brown Sneakers
Rs.1249
NEW
Nautica
Green Sneakers
Rs.3299
NEW
Z Collection
Blue Lifestyle Shoes
Rs.499
NEW
Umbro
Grey Running Shoes
Rs.2699
NEW
Z Collection
Grey Loafers
Rs.499
NEW
A By Arden
Tan Formal Shoes
Rs.3988
NEW
Woodland
Brown Sandals
Rs.2595
NEW
Andrew Hill
Black Formal Shoes
Rs.999
NEW
Get Glamr
Black Sneakers
Rs.1599
NEW
Yepme
Black Running Shoes
Rs.499
NEW
Bruno Manetti
Green Moccasins
Rs.2499
NEW
Bruno Manetti
Black Lifestyle Shoes
Rs.1999
NEW
American Derby Polo Club
Black Sandals
Rs.1799
NEW
Clarks
Mumford Folk Brown Boots
Rs.5499
NEW
Bruno Manetti
Brown Moccasins
Rs.1999
NEW
Z Collection
Black Loafers
Rs.499
NEW
Ruosh
Yellow Boots
Rs.6490
NEW
Knotty Derby
Tom Black Moccasins
Rs.1988
NEW
Clarks
Ginsberg Style Black Formal Shoes
Rs.5999
NEW
Yepme
Navy Blue Lifestyle Shoes
Rs.499
NEW
Nautica
Blue Sneakers
Rs.3299
NEW
Puma
Jiff V Ind. Black Floaters
Rs.2499
NEW
Clarks
Quay Port Black Boat Shoes
Rs.4999
NEW
Andrew Hill
Black Formal Shoes
Rs.999
NEW
Ruosh
Brown Formal Shoes
Rs.3990 Rs.2394 -40%
NEW
Puma
Ibiza Blue Flip Flops
Rs.599
NEW
Nautica
Orange Flip Flops
Rs.999
NEW
Ruosh
Black Formal Shoes
Rs.5690 Rs.2845 -50%
NEW
Woodland
Khaki Sandals
Rs.2595
Fila
Graphite Navy Blue Flip Flops
Rs.699
NEW
Knotty Derby
Tom Brown Moccasins
Rs.1988
NEW
Fila
Amazino Black Sneakers
Rs.1999
NEW
Clarks
Worthy Sun5 Tan Slippers
Rs.4499
NEW
Knotty Derby
Tom Tan Moccasins
Rs.2088
NEW
Ruosh
Black Boots
Rs.5490 Rs.3294 -40%
NEW
Fila
Alvaro Brown Sneakers
Rs.1999
NEW
Woodland
Khaki Loafers
Rs.2795
NEW
Knotty Derby
Tom Black Moccasins
Rs.2288
NEW
Yepme
Maroon Lifestyle Shoes
Rs.499
NEW
Andrew Hill
Brown Dress Shoes
Rs.999
NEW
Fila
Roser Navy Blue Sneakers
Rs.1499
NEW
Clarks
Worthy Sun5 Black Slippers
Rs.4499
NEW
Fila
Avis Black Floaters
Rs.1799
NEW
Andrew Hill
Brown Formal Shoes
Rs.1699
NEW
Wave Walk
Brown Boots
Rs.2699
NEW
Knotty Derby
Diggory Derby Tan Formal Shoes
Rs.1988
NEW
Knotty Derby
Tom Tan Moccasins
Rs.1988
NEW
American Derby Polo Club
Blue Boots
Rs.2799
NEW
Andrew Hill
Brown Dress Shoes
Rs.999
NEW
Andrew Hill
Brown Formal Shoes
Rs.999
NEW
Woodland
Khaki Outdoor Shoes
Rs.3395
NEW
Yepme
Brown Loafers
Rs.499
NEW
PADUKI
Black Loafers
Rs.499
NEW
Z Collection
Blue Lifestyle Shoes
Rs.499
NEW
Clarks
Dino Limit Brown Formal Shoes
Rs.6499
NEW
Arden
Black Boots
Rs.7500
NEW
A By Arden
Navy Blue Boots
Rs.4088
NEW
Arden
Black Boots
Rs.7500
NEW
Louis Philippe
Tan Formal Shoes
Rs.6999
NEW
Wave Walk
Tan Moccasins
Rs.1800
NEW
Cat
Transform Brown Boots
Rs.5799
NEW
Yepme
Grey Lifestyle Shoes
Rs.499
NEW
Yepme
White Running Shoes
Rs.499
NEW
Louis Philippe
Brown Formal Shoes
Rs.6999
NEW
Louis Philippe
Blue Slippers
Rs.2999
NEW
Reebok
Zjet Grey Running Shoes
Rs.12999
NEW
Arden
Black Formal Shoes
Rs.6200
NEW
Arden
Tan Moccasins
Rs.6200
NEW
Get Glamr
Brown Slippers
Rs.799
NEW
American Derby Polo Club
Brown Boots
Rs.2499
NEW
Fila
Alvaro Navy Blue Sneakers
Rs.1999
NEW
Andrew Hill
Black Formal Shoes
Rs.1699
NEW
Yepme
White Running Shoes
Rs.1499
NEW
A By Arden
Tan Moccasins
Rs.2488
NEW
Andrew Hill
Brown Formal Shoes
Rs.999
NEW
A By Arden
Tan Moccasins
Rs.2488
NEW
Freetoes
God Of War Black Flip Flops
Rs.399
NEW
Yepme
White Running Shoes
Rs.499
NEW
Nautica
Navy Blue Sneakers
Rs.3299
NEW
Nautica
Beige Sneakers
Rs.2499
NEW
PADUKI
Beige Loafers
Rs.499
NEW
Nautica
Navy Blue Flip Flops
Rs.1299
NEW
Yepme
Black Lifestyle Shoes
Rs.499
NEW
Fila
Morrish Blue Sneakers
Rs.1499
NEW
Wave Walk
Tan Loafers
Rs.1249
NEW
Wave Walk
Black Lifestyle Shoes
Rs.1499
NEW
Puma
Kongo Red Flip Flops
Rs.899
NEW
American Derby Polo Club
Red Moccasins
Rs.1999
NEW
PADUKI
Red Loafers
Rs.499
NEW
PADUKI
Olive Slippers
Rs.499
NEW
Wave Walk
Blue Slippers
Rs.999
NEW
Arden
Tan Formal Shoes
Rs.6800
NEW
PADUKI
Beige Loafers
Rs.499
NEW
Wave Walk
Brown Boots
Rs.1499
NEW
Clarks
Dino Limit Black Formal Shoes
Rs.6499
NEW
Reebok
United Runner Iv Lp White Running Shoes
Rs.3299
NEW
Z Collection
Black Loafers
Rs.499
NEW
Z Collection
Purple Lifestyle Shoes
Rs.499
NEW
Z Collection
Blue Loafers
Rs.499
NEW
ADPC
Black Loafers
Rs.1699
NEW
ADPC
Brown Loafers
Rs.1699
NEW
ADPC
Navy Blue Loafers
Rs.1699
NEW
ADPC
Black Loafers
Rs.1699
NEW
ADPC
Khaki Loafers
Rs.1699
NEW
ADPC
Navy Blue Loafers
Rs.1999
NEW
ADPC
Grey Loafers
Rs.1999
NEW
ADPC
Brown Loafers
Rs.1999
NEW
ADPC
Black Loafers
Rs.1799
NEW
ADPC
Khaki Loafers
Rs.1799
NEW
ADPC
Red Loafers
Rs.1799
NEW
Woodland
Black Slippers
Rs.1695
NEW
Incult
Blue Sneakers
Rs.1799
NEW
Incult
Red Sneakers
Rs.1799
NEW
Jessi jordan
Black Loafers
Rs.1799
NEW
Jessi jordan
Brown Boots
Rs.1699
NEW
Jessi jordan
Navy Blue Loafers
Rs.1699
NEW
Jessi jordan
Black Loafers
Rs.1299
NEW
Jessi jordan
Blue Loafers
Rs.1299
NEW
Phosphorus
Black Sneakers
Rs.1299
NEW
Phosphorus
Black Sneakers
Rs.1299
NEW
Phosphorus
Green Sneakers
Rs.1299
NEW
Phosphorus
Coffee Sneakers
Rs.1299
NEW
Phosphorus
Navy Blue Sneakers
Rs.1299
NEW
Phosphorus
Brown Sneakers
Rs.1699
NEW
Phosphorus
Black Loafers
Rs.1299
NEW
Phosphorus
Green Loafers
Rs.1299
NEW
Phosphorus
Camel Lifestyle Shoes
Rs.1299
NEW
Woodland
Navy Blue Sandals
Rs.2995
NEW
ESTD.1977
Brown Slippers
Rs.1880
NEW
ESTD.1977
Tan Formal Shoes
Rs.4280
NEW
ESTD.1977
Black Formal Shoes
Rs.5280
NEW
Andrew Hill
Brown Formal Shoes
Rs.999
NEW
Reebok
Jetfuse Run Black Running Shoes
Rs.12999
NEW
Reebok
Wild Extreme Blaze Grey Running Shoes
Rs.7999
NEW
Reebok
One Trainer 2.0 Black Training Shoes
Rs.8599
NEW
Reebok
Blacktop Retaliate Blue Basketball Shoes
Rs.12999
NEW
Reebok
Trail Voyager Rs Black Running Shoes
Rs.5999
NEW
Reebok
Sublite Duo Lx Grey Running Shoes
Rs.6999
NEW
Reebok
Sublite Duo Lx White Running Shoes
Rs.6999
NEW
Reebok
Vibe Race Lp Black Running Shoes
Rs.5999
NEW
Reebok
Tech Run Lp Black Running Shoes
Rs.2999
NEW
Reebok
Superlite Traction Lp White Running Shoes
Rs.2299
NEW
Reebok
Road Connect Ii Lp Black Floaters
Rs.1799
NEW
Reebok
Solar Flip Ii Lp Black Flip Flops
Rs.899
NEW
Reebok
Super Drive 2.0 Lp Navy Blue Floaters
Rs.1699
NEW
Reebok
Ultimate Ride Lp Navy Blue Running Shoes
Rs.4299
NEW
PADUKI
Black Loafers
Rs.499
NEW
PADUKI
Black Loafers
Rs.499
NEW
Yepme
Coffee Formal Shoes
Rs.499
NEW
Freetoes
Surfer Blue Flip Flops
Rs.399
NEW
Louis Philippe
Black Formal Shoes
Rs.4699
NEW
Louis Philippe
Tan Formal Shoes
Rs.4999
NEW
Louis Philippe
Brown Formal Shoes
Rs.5999
NEW
Louis Philippe
Black Formal Shoes
Rs.3799
NEW
Louis Philippe
Black Formal Shoes
Rs.3699
NEW
Z Collection
Black Loafers
Rs.499
NEW
Z Collection
Brown Loafers
Rs.499
NEW
Z Collection
Navy Blue Sneakers
Rs.499
NEW
Z Collection
Grey Loafers
Rs.499
NEW
Z Collection
Red Loafers
Rs.499
NEW
Z Collection
Black Lifestyle Shoes
Rs.499
NEW
Z Collection
Blue Lifestyle Shoes
Rs.499
NEW
Z Collection
Brown Lifestyle Shoes
Rs.499
NEW
Z Collection
Red Lifestyle Shoes
Rs.499
NEW
Puma
Ballesta White Indoor Sports Shoes
Rs.4999
NEW
Puma
Evospeed 5.3 Fg Purple Football Shoes
Rs.4499
NEW
Puma
Esquadra Tt Black Football Shoes
Rs.3499
NEW
Puma
Esquadra It Black Indoor Sports Shoes
Rs.3999
NEW
Puma
Meteor Sala Black Indoor Sports
Rs.3999
NEW
Puma
Pumafox V2 Blue Running Shoes
Rs.5999
NEW
Puma
Pumafox V2 Grey Running Shoes
Rs.5999
NEW
Puma
Bioweb Speed Black Running Shoes
Rs.7999
NEW
Puma
Bioweb Speed Blue Running Shoes
Rs.7999
NEW
Puma
Faas 300 V3 Black Running Shoes
Rs.5999
NEW
Puma
Faas 300 V3 Red Running Shoes
Rs.5999
NEW
Puma
Faas 300 S Grey Running Shoes
Rs.6999
NEW
Puma
Faas 300 V3 Nc Black Running Shoes
Rs.5999
NEW
Puma
Mini Ribald Lo Maroon Sneakers
Rs.6999
NEW
Puma
Mini Ribald Lo Beige Sneakers
Rs.6999
NEW
Puma
Bmw M Preciso Mid Speed Black Sneakers
Rs.6999
NEW
Puma
Valorosso Mid Webcage Alonso Red Sneakers
Rs.8999
NEW
Puma
Bmw Ms Drift Cat 6 Blue Sneakers
Rs.5999
NEW
Puma
Drift Cat 6 Sf Black Sneakers
Rs.5999
NEW
Puma
Drift Cat 6 Sf White Sneakers
Rs.5999
NEW
Puma
Future Cat M1 Sf Catch White Sneakers
Rs.6999
NEW
Puma
Future Cat M1 Sf Catch Blue Sneakers
Rs.6999
NEW
Puma
Bmw Ms Nyter 2 Velcro Blue Sneakers
Rs.6499
NEW
Puma
Ketava Ind. Grey Slippers
Rs.1099
NEW
Puma
Archive Lite Lo Rugged Core+ Black Sneakers
Rs.4799
NEW
Puma
Archive Lite Hi Rugged Black Sneakers
Rs.5499
NEW
Puma
Contest Lite Blue Sneakers
Rs.2699
NEW
Woodland
Khaki Moccasins
Rs.3395
NEW
Woodland
Olive Loafers
Rs.3295
NEW
Woodland
Olive Sandals
Rs.2395
NEW
Steve Madden
M-Navy Black Moccasins
Rs.5499
NEW
Steve Madden
M-Navy Brown Moccasins
Rs.5499
NEW
Steve Madden
M-Navy Tan Moccasins
Rs.5499
NEW
Steve Madden
Wallee Black Formal Shoes
Rs.8999
NEW
Steve Madden
Wallee Tan Formal Shoes
Rs.8999
NEW
Steve Madden
Waltz Black Formal Shoes
Rs.8999
NEW
Steve Madden
Waltz Brown Formal Shoes
Rs.8999
NEW
Steve Madden
Waltz Tan Formal Shoes
Rs.8999
NEW
Urban Woods
Black Loafers
Rs.1499
NEW
Urban Woods
Brown Lifestyle Shoes
Rs.1599
NEW
Urban Woods
Navy Blue Loafers
Rs.1499
NEW
Urban Woods
Tan Lifestyle Shoes
Rs.1499
NEW
Urban Woods
Tan Lifestyle Shoes
Rs.1199
NEW
Urban Woods
Tan Loafers
Rs.1499
NEW
Puma
Axis Iii Ind. Multi Running Shoes
Rs.2999
NEW
Reebok
Superlite Traction Lp Black Running Shoes
Rs.2299
NEW
Action
Black Formal Shoes
Rs.1099
NEW
Reebok
Fuel Sport Lp Grey Running Shoes
Rs.5599
NEW
Reebok
Pump Omni Lite Black Basketball Shoes
Rs.10999
NEW
Reebok
Turbo Track Lp Navy Blue Running Shoes
Rs.4599
NEW
Reebok
Run Sports Lp Black Running Shoes
Rs.3599
NEW
Reebok
Atv19 Ultimate Black Running Shoes
Rs.9999
NEW
Reebok
Fuel Sport Lp Navy Blue Running Shoes
Rs.5599
NEW
Reebok
Camo Flip Lp Black Flip Flops
Rs.899
NEW
Reebok
Comfort Run Lp White Sneakers
Rs.3599
NEW
Reebok
Cl Leather Night Purple Running Shoes
Rs.6999
NEW
Reebok
All Terrain Thunder Green Running Shoes
Rs.9999
NEW
Woodland
Brown Moccasins
Rs.2795
NEW
Incult
Brown Boots
Rs.1799
NEW
Nautica
Blue Flip Flops
Rs.999
NEW
Reebok
Wild Extreme Blaze Blue Running Shoes
Rs.7999
NEW
Reebok
Blacktop Retaliate Green Basketball Shoes
Rs.12999
NEW
Reebok
Zigtech Big & Fast Grey Running Shoes
Rs.8999
NEW
Reebok
Npc Court India Lp Black Sneakers
Rs.2599
NEW
Clarks
Newton Energy Brown Lifestyle Shoes
Rs.4499
NEW
Clarks
Newton Energy Navy Blue Lifestyle Shoes
Rs.4499
NEW
Puma
Java Iii Ind. Brown Slippers
Rs.1999
NEW
Puma
Suede Mid Classic+ Rugged Black Sneakers
Rs.5999
NEW
Puma
917 Mid 2.0 Ind. Grey Sneakers
Rs.2699
NEW
Puma
Descendant Ind. Black Running Shoes
Rs.3999
NEW
Phosphorus
Navy Blue Sneakers
Rs.1699
NEW
Numero Uno
Brown Boots
Rs.2499
NEW
Incult
Brown Sneakers
Rs.1699
NEW
Incult
Navy Blue Sneakers
Rs.1699
NEW
Incult
Grey Sneakers
Rs.1699
NEW
Incult
Black Sneakers
Rs.1699
NEW
Incult
Brown Sneakers
Rs.1699
NEW
Incult
Grey Sneakers
Rs.1699
NEW
Jessi jordan
Navy Blue Sneakers
Rs.1799
NEW
Puma
Jiff V Ind. Red Floaters
Rs.2499
NEW
Woodland
Navy Blue Loafers
Rs.2995
NEW
Woodland
Olive Sandals
Rs.2695
NEW
Puma
Tazon 5 Ind. Black Running Shoes
Rs.3499
NEW
Puma
Strike Fashion Ind Silver Running Shoes
Rs.2199
NEW
Puma
Suede Mid Classic+ Roarcat Black Sneakers
Rs.6999
NEW
Puma
Archive Lite Lo Rugged Core+ Coffee Sneakers
Rs.4799
NEW
Puma
Axis Iii Ind. Black Running Shoes
Rs.2999
NEW
Puma
Axis V3 Grey Running Shoes
Rs.3999
NEW
Puma
Civilian Sl Black Sneakers
Rs.4299
NEW
Puma
Future Cat M1 Sf Catch Black Sneakers
Rs.6999
NEW
Puma
Atom Fashion Ind. Black Running Shoes
Rs.2199
NEW
Puma
917 Mid 2.0 Ind. Blue Sneakers
Rs.2699
NEW
Reebok
Superlite Traction Lp Grey Running Shoes
Rs.2299
NEW
Action
Black Running Shoes
Rs.499
NEW
Reebok
Top Runner Lp White Running Shoes
Rs.2799
NEW
Z Collection
Brown Loafers
Rs.499
NEW
United Colors of Benetton
Orange Flip Flops
Rs.499
NEW
United Colors of Benetton
Grey Flip Flops
Rs.499
NEW
Steve Madden
Barkerr Black Formal Shoes
Rs.7999
Page end text NO MORE RESULTS TO DISPLAY FOR "MEN SHOES NEW COLLECTION"
System exiting test
Initializing the system
Launching Close url test
Printing server response code for URL---http://www.jabong.com/ 200
Function [serverresponse] returning true
Screenshot has been taken successfully at E:\Automation\EcPProjects1\Jabong\src\Screenshot\Closetest.jpg
Fetching current url http://www.jabong.com/
System exiting test
]]></system-out>

      <system-err><![CDATA[Starting ChromeDriver (v2.9.248315) on port 19138
log4j:WARN No appenders could be found for logger (org.apache.http.impl.conn.tsccm.ThreadSafeClientConnManager).
log4j:WARN Please initialize the log4j system properly.
log4j:WARN See http://logging.apache.org/log4j/1.2/faq.html#noconfig for more info.
]]></system-err>

  </testsuite>
</testsuites>
